<?xml version="1.0" encoding="UTF-8"?>
<!-- Generated by org.testng.reporters.JUnitReportReporter -->
<testsuite skipped="0" hostname="PeopleNTech_NYA" name="searchitems.SearchItems" tests="1" failures="0" timestamp="14 May 2017 18:45:40 GMT" time="31.114" errors="0">
  <testcase name="search" time="31.114" classname="searchitems.SearchItems"/>
</testsuite> <!-- searchitems.SearchItems -->
