<?xml version="1.0" encoding="UTF-8"?>
<!-- Generated by org.testng.reporters.JUnitReportReporter -->
<testsuite skipped="1" hostname="PeopleNTech_NYA" name="home.SearchItems" tests="1" failures="0" timestamp="14 May 2017 18:45:40 GMT" time="0.000" errors="0">
  <testcase name="serach" time="0.000" classname="home.SearchItems">
    <skipped/>
  </testcase> <!-- serach -->
</testsuite> <!-- home.SearchItems -->
