<?xml version="1.0" encoding="UTF-8"?>
<!-- Generated by org.testng.reporters.JUnitReportReporter -->
<testsuite skipped="0" hostname="PeopleNTech_NYA" name="home.SearchItems" tests="2" failures="0" timestamp="07 May 2017 18:57:50 GMT" time="35.665" errors="0">
  <testcase name="serach" time="24.425" classname="home.SearchItems"/>
  <testcase name="serach" time="11.240" classname="home.SearchItems"/>
</testsuite> <!-- home.SearchItems -->
